<?xml version="1.0" encoding="UTF-8"?>
<testng-results ignored="0" total="1" passed="1" failed="0" skipped="0">
  <reporter-output>
  </reporter-output>
  <suite started-at="2022-04-22T16:28:36 IST" name="Default suite" finished-at="2022-04-22T16:28:39 IST" duration-ms="2375">
    <groups>
    </groups>
    <test started-at="2022-04-22T16:28:36 IST" name="Default test" finished-at="2022-04-22T16:28:39 IST" duration-ms="2375">
      <class name="pages.Post_request">
        <test-method signature="postrqst()[pri:0, instance:pages.Post_request@696da30b]" started-at="2022-04-22T16:28:36 IST" name="postrqst" finished-at="2022-04-22T16:28:39 IST" duration-ms="2304" status="PASS">
          <reporter-output>
          </reporter-output>
        </test-method> <!-- postrqst -->
      </class> <!-- pages.Post_request -->
    </test> <!-- Default test -->
  </suite> <!-- Default suite -->
</testng-results>
